This file contains any messages produced by compilers while
running configure, to aid debugging if configure makes a mistake.

It was created by slurm_showq configure 0.12.0, which was
generated by GNU Autoconf 2.69.  Invocation command line was

  $ ./configure --with-slurm=/root/slurm/slurm-15.08.0/

## --------- ##
## Platform. ##
## --------- ##

hostname = ss-login-backup.novalocal
uname -m = x86_64
uname -r = 3.10.0-123.8.1.el7.x86_64
uname -s = Linux
uname -v = #1 SMP Mon Sep 22 19:06:58 UTC 2014

/usr/bin/uname -p = x86_64
/bin/uname -X     = unknown

/bin/arch              = x86_64
/usr/bin/arch -k       = unknown
/usr/convex/getsysinfo = unknown
/usr/bin/hostinfo      = unknown
/bin/machine           = unknown
/usr/bin/oslevel       = unknown
/bin/universe          = unknown

PATH: /sbin
PATH: /bin
PATH: /usr/sbin
PATH: /usr/bin
PATH: /root/slurm/slurm-15.08.0//bin


## ----------- ##
## Core tests. ##
## ----------- ##

configure:2343: checking for a BSD-compatible install
configure:2411: result: /bin/install -c
configure:2422: checking whether build environment is sane
configure:2472: result: yes
configure:2613: checking for a thread-safe mkdir -p
configure:2652: result: /bin/mkdir -p
configure:2665: checking for gawk
configure:2681: found /bin/gawk
configure:2692: result: gawk
configure:2703: checking whether make sets $(MAKE)
configure:2725: result: yes
configure:2865: checking for g++
configure:2881: found /bin/g++
configure:2892: result: g++
configure:2919: checking for C++ compiler version
configure:2928: g++ --version >&5
g++ (GCC) 4.8.3 20140911 (Red Hat 4.8.3-9)
Copyright (C) 2013 Free Software Foundation, Inc.
This is free software; see the source for copying conditions.  There is NO
warranty; not even for MERCHANTABILITY or FITNESS FOR A PARTICULAR PURPOSE.

configure:2939: $? = 0
configure:2928: g++ -v >&5
Using built-in specs.
COLLECT_GCC=g++
COLLECT_LTO_WRAPPER=/usr/libexec/gcc/x86_64-redhat-linux/4.8.3/lto-wrapper
Target: x86_64-redhat-linux
Configured with: ../configure --prefix=/usr --mandir=/usr/share/man --infodir=/usr/share/info --with-bugurl=http://bugzilla.redhat.com/bugzilla --enable-bootstrap --enable-shared --enable-threads=posix --enable-checking=release --with-system-zlib --enable-__cxa_atexit --disable-libunwind-exceptions --enable-gnu-unique-object --enable-linker-build-id --with-linker-hash-style=gnu --enable-languages=c,c++,objc,obj-c++,java,fortran,ada,go,lto --enable-plugin --enable-initfini-array --disable-libgcj --with-isl=/builddir/build/BUILD/gcc-4.8.3-20140911/obj-x86_64-redhat-linux/isl-install --with-cloog=/builddir/build/BUILD/gcc-4.8.3-20140911/obj-x86_64-redhat-linux/cloog-install --enable-gnu-indirect-function --with-tune=generic --with-arch_32=x86-64 --build=x86_64-redhat-linux
Thread model: posix
gcc version 4.8.3 20140911 (Red Hat 4.8.3-9) (GCC) 
configure:2939: $? = 0
configure:2928: g++ -V >&5
g++: error: unrecognized command line option '-V'
g++: fatal error: no input files
compilation terminated.
configure:2939: $? = 4
configure:2928: g++ -qversion >&5
g++: error: unrecognized command line option '-qversion'
g++: fatal error: no input files
compilation terminated.
configure:2939: $? = 4
configure:2959: checking whether the C++ compiler works
configure:2981: g++    conftest.cpp  >&5
configure:2985: $? = 0
configure:3033: result: yes
configure:3036: checking for C++ compiler default output file name
configure:3038: result: a.out
configure:3044: checking for suffix of executables
configure:3051: g++ -o conftest    conftest.cpp  >&5
configure:3055: $? = 0
configure:3077: result: 
configure:3099: checking whether we are cross compiling
configure:3107: g++ -o conftest    conftest.cpp  >&5
configure:3111: $? = 0
configure:3118: ./conftest
configure:3122: $? = 0
configure:3137: result: no
configure:3142: checking for suffix of object files
configure:3164: g++ -c   conftest.cpp >&5
configure:3168: $? = 0
configure:3189: result: o
configure:3193: checking whether we are using the GNU C++ compiler
configure:3212: g++ -c   conftest.cpp >&5
configure:3212: $? = 0
configure:3221: result: yes
configure:3230: checking whether g++ accepts -g
configure:3250: g++ -c -g  conftest.cpp >&5
configure:3250: $? = 0
configure:3291: result: yes
configure:3325: checking for style of include used by make
configure:3353: result: GNU
configure:3378: checking dependency style of g++
configure:3488: result: gcc3
configure:3566: checking for gcc
configure:3582: found /bin/gcc
configure:3593: result: gcc
configure:3822: checking for C compiler version
configure:3831: gcc --version >&5
gcc (GCC) 4.8.3 20140911 (Red Hat 4.8.3-9)
Copyright (C) 2013 Free Software Foundation, Inc.
This is free software; see the source for copying conditions.  There is NO
warranty; not even for MERCHANTABILITY or FITNESS FOR A PARTICULAR PURPOSE.

configure:3842: $? = 0
configure:3831: gcc -v >&5
Using built-in specs.
COLLECT_GCC=gcc
COLLECT_LTO_WRAPPER=/usr/libexec/gcc/x86_64-redhat-linux/4.8.3/lto-wrapper
Target: x86_64-redhat-linux
Configured with: ../configure --prefix=/usr --mandir=/usr/share/man --infodir=/usr/share/info --with-bugurl=http://bugzilla.redhat.com/bugzilla --enable-bootstrap --enable-shared --enable-threads=posix --enable-checking=release --with-system-zlib --enable-__cxa_atexit --disable-libunwind-exceptions --enable-gnu-unique-object --enable-linker-build-id --with-linker-hash-style=gnu --enable-languages=c,c++,objc,obj-c++,java,fortran,ada,go,lto --enable-plugin --enable-initfini-array --disable-libgcj --with-isl=/builddir/build/BUILD/gcc-4.8.3-20140911/obj-x86_64-redhat-linux/isl-install --with-cloog=/builddir/build/BUILD/gcc-4.8.3-20140911/obj-x86_64-redhat-linux/cloog-install --enable-gnu-indirect-function --with-tune=generic --with-arch_32=x86-64 --build=x86_64-redhat-linux
Thread model: posix
gcc version 4.8.3 20140911 (Red Hat 4.8.3-9) (GCC) 
configure:3842: $? = 0
configure:3831: gcc -V >&5
gcc: error: unrecognized command line option '-V'
gcc: fatal error: no input files
compilation terminated.
configure:3842: $? = 4
configure:3831: gcc -qversion >&5
gcc: error: unrecognized command line option '-qversion'
gcc: fatal error: no input files
compilation terminated.
configure:3842: $? = 4
configure:3846: checking whether we are using the GNU C compiler
configure:3865: gcc -c  -I/root/slurm/slurm-15.08.0//include  conftest.c >&5
configure:3865: $? = 0
configure:3874: result: yes
configure:3883: checking whether gcc accepts -g
configure:3903: gcc -c -g -I/root/slurm/slurm-15.08.0//include  conftest.c >&5
configure:3903: $? = 0
configure:3944: result: yes
configure:3961: checking for gcc option to accept ISO C89
configure:4024: gcc  -c -g -O2 -I/root/slurm/slurm-15.08.0//include  conftest.c >&5
configure:4024: $? = 0
configure:4037: result: none needed
configure:4059: checking dependency style of gcc
configure:4169: result: gcc3
configure:4190: checking how to run the C preprocessor
configure:4221: gcc -E -I/root/slurm/slurm-15.08.0//include  conftest.c
configure:4221: $? = 0
configure:4235: gcc -E -I/root/slurm/slurm-15.08.0//include  conftest.c
conftest.c:11:28: fatal error: ac_nonexistent.h: No such file or directory
 #include <ac_nonexistent.h>
                            ^
compilation terminated.
configure:4235: $? = 1
configure: failed program was:
| /* confdefs.h */
| #define PACKAGE_NAME "slurm_showq"
| #define PACKAGE_TARNAME "slurm_showq"
| #define PACKAGE_VERSION "0.12.0"
| #define PACKAGE_STRING "slurm_showq 0.12.0"
| #define PACKAGE_BUGREPORT "karl@tacc.utexas.edu"
| #define PACKAGE_URL ""
| #define PACKAGE "slurm_showq"
| #define VERSION "0.12.0"
| /* end confdefs.h.  */
| #include <ac_nonexistent.h>
configure:4260: result: gcc -E
configure:4280: gcc -E -I/root/slurm/slurm-15.08.0//include  conftest.c
configure:4280: $? = 0
configure:4294: gcc -E -I/root/slurm/slurm-15.08.0//include  conftest.c
conftest.c:11:28: fatal error: ac_nonexistent.h: No such file or directory
 #include <ac_nonexistent.h>
                            ^
compilation terminated.
configure:4294: $? = 1
configure: failed program was:
| /* confdefs.h */
| #define PACKAGE_NAME "slurm_showq"
| #define PACKAGE_TARNAME "slurm_showq"
| #define PACKAGE_VERSION "0.12.0"
| #define PACKAGE_STRING "slurm_showq 0.12.0"
| #define PACKAGE_BUGREPORT "karl@tacc.utexas.edu"
| #define PACKAGE_URL ""
| #define PACKAGE "slurm_showq"
| #define VERSION "0.12.0"
| /* end confdefs.h.  */
| #include <ac_nonexistent.h>
configure:4323: checking for grep that handles long lines and -e
configure:4381: result: /bin/grep
configure:4386: checking for egrep
configure:4448: result: /bin/grep -E
configure:4453: checking for ANSI C header files
configure:4473: gcc -c -g -O2 -I/root/slurm/slurm-15.08.0//include  conftest.c >&5
configure:4473: $? = 0
configure:4546: gcc -o conftest -g -O2 -I/root/slurm/slurm-15.08.0//include  -L/root/slurm/slurm-15.08.0//lib  conftest.c  >&5
configure:4546: $? = 0
configure:4546: ./conftest
configure:4546: $? = 0
configure:4557: result: yes
configure:4570: checking for sys/types.h
configure:4570: gcc -c -g -O2 -I/root/slurm/slurm-15.08.0//include  conftest.c >&5
configure:4570: $? = 0
configure:4570: result: yes
configure:4570: checking for sys/stat.h
configure:4570: gcc -c -g -O2 -I/root/slurm/slurm-15.08.0//include  conftest.c >&5
configure:4570: $? = 0
configure:4570: result: yes
configure:4570: checking for stdlib.h
configure:4570: gcc -c -g -O2 -I/root/slurm/slurm-15.08.0//include  conftest.c >&5
configure:4570: $? = 0
configure:4570: result: yes
configure:4570: checking for string.h
configure:4570: gcc -c -g -O2 -I/root/slurm/slurm-15.08.0//include  conftest.c >&5
configure:4570: $? = 0
configure:4570: result: yes
configure:4570: checking for memory.h
configure:4570: gcc -c -g -O2 -I/root/slurm/slurm-15.08.0//include  conftest.c >&5
configure:4570: $? = 0
configure:4570: result: yes
configure:4570: checking for strings.h
configure:4570: gcc -c -g -O2 -I/root/slurm/slurm-15.08.0//include  conftest.c >&5
configure:4570: $? = 0
configure:4570: result: yes
configure:4570: checking for inttypes.h
configure:4570: gcc -c -g -O2 -I/root/slurm/slurm-15.08.0//include  conftest.c >&5
configure:4570: $? = 0
configure:4570: result: yes
configure:4570: checking for stdint.h
configure:4570: gcc -c -g -O2 -I/root/slurm/slurm-15.08.0//include  conftest.c >&5
configure:4570: $? = 0
configure:4570: result: yes
configure:4570: checking for unistd.h
configure:4570: gcc -c -g -O2 -I/root/slurm/slurm-15.08.0//include  conftest.c >&5
configure:4570: $? = 0
configure:4570: result: yes
configure:4584: checking slurm/slurm.h usability
configure:4584: gcc -c -g -O2 -I/root/slurm/slurm-15.08.0//include  conftest.c >&5
configure:4584: $? = 0
configure:4584: result: yes
configure:4584: checking slurm/slurm.h presence
configure:4584: gcc -E -I/root/slurm/slurm-15.08.0//include  conftest.c
configure:4584: $? = 0
configure:4584: result: yes
configure:4584: checking for slurm/slurm.h
configure:4584: result: yes
configure:4600: checking for unistd.h
configure:4600: result: yes
configure:4612: checking for stdbool.h that conforms to C99
configure:4679: gcc -c -g -O2 -I/root/slurm/slurm-15.08.0//include  conftest.c >&5
configure:4679: $? = 0
configure:4686: result: yes
configure:4688: checking for _Bool
configure:4688: gcc -c -g -O2 -I/root/slurm/slurm-15.08.0//include  conftest.c >&5
configure:4688: $? = 0
configure:4688: gcc -c -g -O2 -I/root/slurm/slurm-15.08.0//include  conftest.c >&5
conftest.c: In function 'main':
conftest.c:59:20: error: expected expression before ')' token
 if (sizeof ((_Bool)))
                    ^
configure:4688: $? = 1
configure: failed program was:
| /* confdefs.h */
| #define PACKAGE_NAME "slurm_showq"
| #define PACKAGE_TARNAME "slurm_showq"
| #define PACKAGE_VERSION "0.12.0"
| #define PACKAGE_STRING "slurm_showq 0.12.0"
| #define PACKAGE_BUGREPORT "karl@tacc.utexas.edu"
| #define PACKAGE_URL ""
| #define PACKAGE "slurm_showq"
| #define VERSION "0.12.0"
| #define STDC_HEADERS 1
| #define HAVE_SYS_TYPES_H 1
| #define HAVE_SYS_STAT_H 1
| #define HAVE_STDLIB_H 1
| #define HAVE_STRING_H 1
| #define HAVE_MEMORY_H 1
| #define HAVE_STRINGS_H 1
| #define HAVE_INTTYPES_H 1
| #define HAVE_STDINT_H 1
| #define HAVE_UNISTD_H 1
| #define HAVE_SLURM_SLURM_H 1
| #define HAVE_UNISTD_H 1
| /* end confdefs.h.  */
| #include <stdio.h>
| #ifdef HAVE_SYS_TYPES_H
| # include <sys/types.h>
| #endif
| #ifdef HAVE_SYS_STAT_H
| # include <sys/stat.h>
| #endif
| #ifdef STDC_HEADERS
| # include <stdlib.h>
| # include <stddef.h>
| #else
| # ifdef HAVE_STDLIB_H
| #  include <stdlib.h>
| # endif
| #endif
| #ifdef HAVE_STRING_H
| # if !defined STDC_HEADERS && defined HAVE_MEMORY_H
| #  include <memory.h>
| # endif
| # include <string.h>
| #endif
| #ifdef HAVE_STRINGS_H
| # include <strings.h>
| #endif
| #ifdef HAVE_INTTYPES_H
| # include <inttypes.h>
| #endif
| #ifdef HAVE_STDINT_H
| # include <stdint.h>
| #endif
| #ifdef HAVE_UNISTD_H
| # include <unistd.h>
| #endif
| int
| main ()
| {
| if (sizeof ((_Bool)))
| 	    return 0;
|   ;
|   return 0;
| }
configure:4688: result: yes
configure:4705: checking for uid_t in sys/types.h
configure:4724: result: yes
configure:4735: checking for uint32_t
configure:4735: gcc -c -g -O2 -I/root/slurm/slurm-15.08.0//include  conftest.c >&5
configure:4735: $? = 0
configure:4735: result: yes
configure:4754: checking for strdup
configure:4754: gcc -o conftest -g -O2 -I/root/slurm/slurm-15.08.0//include  -L/root/slurm/slurm-15.08.0//lib  conftest.c  >&5
conftest.c:48:6: warning: conflicting types for built-in function 'strdup' [enabled by default]
 char strdup ();
      ^
configure:4754: $? = 0
configure:4754: result: yes
configure:4754: checking for strstr
configure:4754: gcc -o conftest -g -O2 -I/root/slurm/slurm-15.08.0//include  -L/root/slurm/slurm-15.08.0//lib  conftest.c  >&5
conftest.c:49:6: warning: conflicting types for built-in function 'strstr' [enabled by default]
 char strstr ();
      ^
configure:4754: $? = 0
configure:4754: result: yes
configure:4900: creating ./config.status

## ---------------------- ##
## Running config.status. ##
## ---------------------- ##

This file was extended by slurm_showq config.status 0.12.0, which was
generated by GNU Autoconf 2.69.  Invocation command line was

  CONFIG_FILES    = 
  CONFIG_HEADERS  = 
  CONFIG_LINKS    = 
  CONFIG_COMMANDS = 
  $ ./config.status 

on ss-login-backup.novalocal

config.status:859: creating Makefile
config.status:859: creating config.h
config.status:1040: config.h is unchanged
config.status:1088: executing depfiles commands

## ---------------- ##
## Cache variables. ##
## ---------------- ##

ac_cv_c_compiler_gnu=yes
ac_cv_c_uint32_t=yes
ac_cv_cxx_compiler_gnu=yes
ac_cv_env_CCC_set=
ac_cv_env_CCC_value=
ac_cv_env_CC_set=
ac_cv_env_CC_value=
ac_cv_env_CFLAGS_set=
ac_cv_env_CFLAGS_value=
ac_cv_env_CPPFLAGS_set=
ac_cv_env_CPPFLAGS_value=
ac_cv_env_CPP_set=
ac_cv_env_CPP_value=
ac_cv_env_CXXFLAGS_set=
ac_cv_env_CXXFLAGS_value=
ac_cv_env_CXX_set=
ac_cv_env_CXX_value=
ac_cv_env_LDFLAGS_set=
ac_cv_env_LDFLAGS_value=
ac_cv_env_LIBS_set=
ac_cv_env_LIBS_value=
ac_cv_env_build_alias_set=
ac_cv_env_build_alias_value=
ac_cv_env_host_alias_set=
ac_cv_env_host_alias_value=
ac_cv_env_target_alias_set=
ac_cv_env_target_alias_value=
ac_cv_func_strdup=yes
ac_cv_func_strstr=yes
ac_cv_header_inttypes_h=yes
ac_cv_header_memory_h=yes
ac_cv_header_slurm_slurm_h=yes
ac_cv_header_stdbool_h=yes
ac_cv_header_stdc=yes
ac_cv_header_stdint_h=yes
ac_cv_header_stdlib_h=yes
ac_cv_header_string_h=yes
ac_cv_header_strings_h=yes
ac_cv_header_sys_stat_h=yes
ac_cv_header_sys_types_h=yes
ac_cv_header_unistd_h=yes
ac_cv_objext=o
ac_cv_path_EGREP='/bin/grep -E'
ac_cv_path_GREP=/bin/grep
ac_cv_path_install='/bin/install -c'
ac_cv_path_mkdir=/bin/mkdir
ac_cv_prog_AWK=gawk
ac_cv_prog_CPP='gcc -E'
ac_cv_prog_ac_ct_CC=gcc
ac_cv_prog_ac_ct_CXX=g++
ac_cv_prog_cc_c89=
ac_cv_prog_cc_g=yes
ac_cv_prog_cxx_g=yes
ac_cv_prog_make_make_set=yes
ac_cv_type__Bool=yes
ac_cv_type_uid_t=yes
am_cv_CC_dependencies_compiler_type=gcc3
am_cv_CXX_dependencies_compiler_type=gcc3

## ----------------- ##
## Output variables. ##
## ----------------- ##

ACLOCAL='${SHELL} /home/rodeo/plugin_TACC/slurm_showq_15/build-aux/missing --run aclocal-1.11'
AMDEPBACKSLASH='\'
AMDEP_FALSE='#'
AMDEP_TRUE=''
AMTAR='${SHELL} /home/rodeo/plugin_TACC/slurm_showq_15/build-aux/missing --run tar'
AUTOCONF='${SHELL} /home/rodeo/plugin_TACC/slurm_showq_15/build-aux/missing --run autoconf'
AUTOHEADER='${SHELL} /home/rodeo/plugin_TACC/slurm_showq_15/build-aux/missing --run autoheader'
AUTOMAKE='${SHELL} /home/rodeo/plugin_TACC/slurm_showq_15/build-aux/missing --run automake-1.11'
AWK='gawk'
CC='gcc'
CCDEPMODE='depmode=gcc3'
CFLAGS='-g -O2'
CPP='gcc -E'
CPPFLAGS='-I/root/slurm/slurm-15.08.0//include '
CXX='g++'
CXXDEPMODE='depmode=gcc3'
CXXFLAGS='-g -O2'
CYGPATH_W='echo'
DEFS='-DHAVE_CONFIG_H'
DEPDIR='.deps'
ECHO_C=''
ECHO_N='-n'
ECHO_T=''
EGREP='/bin/grep -E'
EXEEXT=''
GREP='/bin/grep'
INSTALL_DATA='${INSTALL} -m 644'
INSTALL_PROGRAM='${INSTALL}'
INSTALL_SCRIPT='${INSTALL}'
INSTALL_STRIP_PROGRAM='$(install_sh) -c -s'
LDFLAGS='-L/root/slurm/slurm-15.08.0//lib '
LIBOBJS=''
LIBS=''
LTLIBOBJS=''
MAKEINFO='${SHELL} /home/rodeo/plugin_TACC/slurm_showq_15/build-aux/missing --run makeinfo'
MKDIR_P='/bin/mkdir -p'
OBJEXT='o'
PACKAGE='slurm_showq'
PACKAGE_BUGREPORT='karl@tacc.utexas.edu'
PACKAGE_NAME='slurm_showq'
PACKAGE_STRING='slurm_showq 0.12.0'
PACKAGE_TARNAME='slurm_showq'
PACKAGE_URL=''
PACKAGE_VERSION='0.12.0'
PATH_SEPARATOR=':'
SET_MAKE=''
SHELL='/bin/sh'
STRIP=''
VERSION='0.12.0'
ac_ct_CC='gcc'
ac_ct_CXX='g++'
am__EXEEXT_FALSE=''
am__EXEEXT_TRUE='#'
am__fastdepCC_FALSE='#'
am__fastdepCC_TRUE=''
am__fastdepCXX_FALSE='#'
am__fastdepCXX_TRUE=''
am__include='include'
am__isrc=''
am__leading_dot='.'
am__quote=''
am__tar='${AMTAR} chof - "$$tardir"'
am__untar='${AMTAR} xf -'
bindir='${exec_prefix}/bin'
build_alias=''
datadir='${datarootdir}'
datarootdir='${prefix}/share'
docdir='${datarootdir}/doc/${PACKAGE_TARNAME}'
dvidir='${docdir}'
exec_prefix='${prefix}'
host_alias=''
htmldir='${docdir}'
includedir='${prefix}/include'
infodir='${datarootdir}/info'
install_sh='${SHELL} /home/rodeo/plugin_TACC/slurm_showq_15/build-aux/install-sh'
libdir='${exec_prefix}/lib'
libexecdir='${exec_prefix}/libexec'
localedir='${datarootdir}/locale'
localstatedir='${prefix}/var'
mandir='${datarootdir}/man'
mkdir_p='/bin/mkdir -p'
oldincludedir='/usr/include'
pdfdir='${docdir}'
prefix='/usr/local'
program_transform_name='s,x,x,'
psdir='${docdir}'
sbindir='${exec_prefix}/sbin'
sharedstatedir='${prefix}/com'
sysconfdir='${prefix}/etc'
target_alias=''

## ----------- ##
## confdefs.h. ##
## ----------- ##

/* confdefs.h */
#define PACKAGE_NAME "slurm_showq"
#define PACKAGE_TARNAME "slurm_showq"
#define PACKAGE_VERSION "0.12.0"
#define PACKAGE_STRING "slurm_showq 0.12.0"
#define PACKAGE_BUGREPORT "karl@tacc.utexas.edu"
#define PACKAGE_URL ""
#define PACKAGE "slurm_showq"
#define VERSION "0.12.0"
#define STDC_HEADERS 1
#define HAVE_SYS_TYPES_H 1
#define HAVE_SYS_STAT_H 1
#define HAVE_STDLIB_H 1
#define HAVE_STRING_H 1
#define HAVE_MEMORY_H 1
#define HAVE_STRINGS_H 1
#define HAVE_INTTYPES_H 1
#define HAVE_STDINT_H 1
#define HAVE_UNISTD_H 1
#define HAVE_SLURM_SLURM_H 1
#define HAVE_UNISTD_H 1
#define HAVE__BOOL 1
#define HAVE_STDBOOL_H 1
#define HAVE_STRDUP 1
#define HAVE_STRSTR 1

configure: exit 0
